Arguments: 
  /Users/dabramov/.nvm/versions/node/v10.1.0/bin/node /opt/facebook/fb-kpm/bin/yarn.js build

PATH: 
  /Users/dabramov/.cargo/bin:/Users/dabramov/bin:/Users/dabramov/.nvm/versions/node/v10.1.0/bin:/Users/dabramov/.cargo/bin:/opt/facebook/bin:/usr/local/bin:/usr/bin:/bin:/usr/sbin:/sbin:/opt/homebrew/bin:/opt/facebook/ops/scripts/chef:/opt/facebook/nuclide/latest/nuclide/pkg/fb-on-demand-cli/bin:/opt/facebook/nuclide/latest/nuclide/pkg/fb-biggrep-cli/bin:/usr/local/munki:/opt/facebook/hg/bin

Yarn version: 
  1.5.1

Node version: 
  10.1.0

Platform: 
  darwin x64

npm manifest: 
  {
    "name": "jest-electron-runner",
    "private": true,
    "version": "0.0.0",
    "description": "",
    "scripts": {
      "test": "echo \"Error: no test specified\" && exit 1"
    },
    "repository": {
      "type": "git",
      "url": "git+https://github.com/facebook-atom/jest-electron-runner.git"
    },
    "author": "",
    "license": "MIT",
    "bugs": {
      "url": "https://github.com/facebook-atom/jest-electron-runner/issues"
    },
    "homepage": "https://github.com/facebook-atom/jest-electron-runner#readme"
  }

yarn manifest: 
  No manifest

Lockfile: 
  No lockfile

Trace: 
  Error: Command "build" not found.
      at new MessageError (/opt/facebook/fb-kpm/lib/cli.js:186:110)
      at /opt/facebook/fb-kpm/lib/cli.js:87307:17
      at Generator.next (<anonymous>)
      at step (/opt/facebook/fb-kpm/lib/cli.js:98:30)
      at /opt/facebook/fb-kpm/lib/cli.js:116:14
      at new Promise (<anonymous>)
      at new F (/opt/facebook/fb-kpm/lib/cli.js:23451:28)
      at /opt/facebook/fb-kpm/lib/cli.js:95:12
      at runCommand (/opt/facebook/fb-kpm/lib/cli.js:87312:22)
      at Object.<anonymous> (/opt/facebook/fb-kpm/lib/cli.js:87412:14)
